\BOOKMARK [1][-]{section.1}{\376\377\225\356\230\230\145\164\164\006}{}% 1
\BOOKMARK [2][-]{subsection.1.1}{\376\377\133\236\232\214\121\205\133\271\211\201\154\102}{section.1}% 2
\BOOKMARK [2][-]{subsection.1.2}{\376\377\201\352\165\061\204\075\117\123\150\300\155\113}{section.1}% 3
\BOOKMARK [2][-]{subsection.1.3}{\376\377\215\314\204\075\150\300\155\113\122\115\146\157}{section.1}% 4
\BOOKMARK [1][-]{section.2}{\376\377\000M\000M\000A\0007\0002\0006\0000\000Q\000T\202\257\162\107\166\204\135\345\117\134\123\237\164\006}{}% 5
\BOOKMARK [2][-]{subsection.2.1}{\376\377\000M\000M\000A\0007\0002\0006\0000\000Q\000T\166\204\173\200\116\313}{section.2}% 6
\BOOKMARK [2][-]{subsection.2.2}{\376\377\000M\000M\000A\0007\0002\0006\0000\000Q\000T\217\154\143\245\147\177\137\025\201\032\117\177\165\050\213\364\146\016}{section.2}% 7
\BOOKMARK [2][-]{subsection.2.3}{\376\377\000M\000M\000A\0007\0002\0006\0000\000Q\000T\117\040\141\037\126\150\126\376\171\072}{section.2}% 8
\BOOKMARK [1][-]{section.3}{\376\377\225\356\230\230\122\006\147\220}{}% 9
\BOOKMARK [2][-]{subsection.3.1}{\376\377\000f\000r\000e\000e\000f\000a\000l\000l\117\341\123\367\162\171\140\047}{section.3}% 10
\BOOKMARK [2][-]{subsection.3.2}{\376\377\121\166\116\326\162\266\121\265\116\013\166\204\117\341\123\367\162\171\140\047\133\371\153\324}{section.3}% 11
\BOOKMARK [1][-]{section.4}{\376\377\172\013\136\217\137\000\123\321\123\312\221\115\177\156\135\345\121\167\117\177\165\050}{}% 12
\BOOKMARK [2][-]{subsection.4.1}{\376\377\172\013\136\217\133\236\163\260}{section.4}% 13
\BOOKMARK [2][-]{subsection.4.2}{\376\377\221\115\177\156\135\345\121\167\166\204\117\177\165\050}{section.4}% 14
\BOOKMARK [1][-]{section.5}{\376\377\122\237\200\375\133\236\163\260\176\323\147\234\155\113\213\325\123\312\122\006\147\220}{}% 15
\BOOKMARK [2][-]{subsection.5.1}{\376\377\122\237\200\375\133\236\163\260\140\305\121\265}{section.5}% 16
\BOOKMARK [3][-]{subsubsection.5.1.1}{\376\377\201\352\165\061\204\075\117\123\155\113\213\325}{subsection.5.1}% 17
\BOOKMARK [3][-]{subsubsection.5.1.2}{\376\377\121\262\121\373\155\113\213\325}{subsection.5.1}% 18
\BOOKMARK [2][-]{subsection.5.2}{\376\377\123\357\200\375\133\130\127\050\166\204\225\356\230\230\123\312\211\343\121\263\145\271\154\325}{section.5}% 19
\BOOKMARK [1][-]{section.6}{\376\377\122\006\135\345\116\016\140\073\176\323}{}% 20
